::1 - - [05/May/2021:11:33:47 +0000] "GET /api/users/60926e5fca60a344940f08c6 HTTP/1.1" 200 149 "-" "Mozilla/5.0 (Windows NT 10.0; Win64; x64) AppleWebKit/537.36 (KHTML, like Gecko) Chrome/90.0.4430.93 Safari/537.36"
::1 - - [05/May/2021:11:37:58 +0000] "GET /api/users/60926e5fca60a344940f08c6 HTTP/1.1" 200 149 "-" "Mozilla/5.0 (Windows NT 10.0; Win64; x64) AppleWebKit/537.36 (KHTML, like Gecko) Chrome/90.0.4430.93 Safari/537.36"
::1 - - [05/May/2021:11:37:59 +0000] "GET /api/users/60926e5fca60a344940f08c6 HTTP/1.1" 200 149 "-" "Mozilla/5.0 (Windows NT 10.0; Win64; x64) AppleWebKit/537.36 (KHTML, like Gecko) Chrome/90.0.4430.93 Safari/537.36"
::1 - - [05/May/2021:11:37:59 +0000] "GET /api/users/60926e5fca60a344940f08c6 HTTP/1.1" 200 149 "-" "Mozilla/5.0 (Windows NT 10.0; Win64; x64) AppleWebKit/537.36 (KHTML, like Gecko) Chrome/90.0.4430.93 Safari/537.36"
::1 - - [05/May/2021:11:38:00 +0000] "GET /api/users/60926e5fca60a344940f08c6 HTTP/1.1" 200 149 "-" "Mozilla/5.0 (Windows NT 10.0; Win64; x64) AppleWebKit/537.36 (KHTML, like Gecko) Chrome/90.0.4430.93 Safari/537.36"
::1 - - [05/May/2021:11:38:26 +0000] "GET /api/users/60926e5fca60a344940f08c6 HTTP/1.1" 200 149 "-" "Mozilla/5.0 (Windows NT 10.0; Win64; x64) AppleWebKit/537.36 (KHTML, like Gecko) Chrome/90.0.4430.93 Safari/537.36"
::1 - - [05/May/2021:11:38:27 +0000] "GET /api/users/60926e5fca60a344940f08c6 HTTP/1.1" 200 149 "-" "Mozilla/5.0 (Windows NT 10.0; Win64; x64) AppleWebKit/537.36 (KHTML, like Gecko) Chrome/90.0.4430.93 Safari/537.36"
::1 - - [05/May/2021:11:38:32 +0000] "GET /api/users/60926e5fca60a344940f08c6 HTTP/1.1" 200 149 "-" "Mozilla/5.0 (Windows NT 10.0; Win64; x64) AppleWebKit/537.36 (KHTML, like Gecko) Chrome/90.0.4430.93 Safari/537.36"
::1 - - [05/May/2021:11:38:34 +0000] "GET /api/users/60926e5fca60a344940f08c6 HTTP/1.1" 200 149 "-" "Mozilla/5.0 (Windows NT 10.0; Win64; x64) AppleWebKit/537.36 (KHTML, like Gecko) Chrome/90.0.4430.93 Safari/537.36"
::1 - - [05/May/2021:11:38:34 +0000] "GET /api/users/60926e5fca60a344940f08c6 HTTP/1.1" 200 149 "-" "Mozilla/5.0 (Windows NT 10.0; Win64; x64) AppleWebKit/537.36 (KHTML, like Gecko) Chrome/90.0.4430.93 Safari/537.36"
::1 - - [05/May/2021:11:38:48 +0000] "GET /api/users/5451515151511555ddfsdfsdfsdfsdfsdf HTTP/1.1" 404 1881 "-" "Mozilla/5.0 (Windows NT 10.0; Win64; x64) AppleWebKit/537.36 (KHTML, like Gecko) Chrome/90.0.4430.93 Safari/537.36"
::1 - - [05/May/2021:11:38:48 +0000] "GET /stylesheets/style.css HTTP/1.1" 200 111 "http://localhost:3000/api/users/5451515151511555ddfsdfsdfsdfsdfsdf" "Mozilla/5.0 (Windows NT 10.0; Win64; x64) AppleWebKit/537.36 (KHTML, like Gecko) Chrome/90.0.4430.93 Safari/537.36"
::1 - - [05/May/2021:11:38:53 +0000] "GET /api/users/60926e5fca60a344940f08c6 HTTP/1.1" 200 149 "-" "Mozilla/5.0 (Windows NT 10.0; Win64; x64) AppleWebKit/537.36 (KHTML, like Gecko) Chrome/90.0.4430.93 Safari/537.36"
::1 - - [05/May/2021:11:38:54 +0000] "GET /api/users/60926e5fca60a344940f08c6 HTTP/1.1" 200 149 "-" "Mozilla/5.0 (Windows NT 10.0; Win64; x64) AppleWebKit/537.36 (KHTML, like Gecko) Chrome/90.0.4430.93 Safari/537.36"
::1 - - [05/May/2021:11:56:51 +0000] "GET /api/users/60926e5fca60a344940f08c6 HTTP/1.1" 200 149 "-" "Mozilla/5.0 (Windows NT 10.0; Win64; x64) AppleWebKit/537.36 (KHTML, like Gecko) Chrome/90.0.4430.93 Safari/537.36"
::1 - - [05/May/2021:11:57:31 +0000] "DELETE /api/users/60926e5fca60a344940f08c6 HTTP/1.1" 200 16 "http://localhost:3000/api/users/60926e5fca60a344940f08c6" "Mozilla/5.0 (Windows NT 10.0; Win64; x64) AppleWebKit/537.36 (KHTML, like Gecko) Chrome/90.0.4430.93 Safari/537.36"
::1 - - [05/May/2021:11:57:36 +0000] "GET /api/users/60926e5fca60a344940f08c6 HTTP/1.1" 200 4 "-" "Mozilla/5.0 (Windows NT 10.0; Win64; x64) AppleWebKit/537.36 (KHTML, like Gecko) Chrome/90.0.4430.93 Safari/537.36"
::1 - - [05/May/2021:11:57:41 +0000] "GET /api/users/60926e5fca60a344940f08c6 HTTP/1.1" 200 4 "-" "Mozilla/5.0 (Windows NT 10.0; Win64; x64) AppleWebKit/537.36 (KHTML, like Gecko) Chrome/90.0.4430.93 Safari/537.36"
::1 - - [05/May/2021:11:57:42 +0000] "GET /api/users/60926e5fca60a344940f08c6 HTTP/1.1" 200 4 "-" "Mozilla/5.0 (Windows NT 10.0; Win64; x64) AppleWebKit/537.36 (KHTML, like Gecko) Chrome/90.0.4430.93 Safari/537.36"
::1 - - [05/May/2021:11:58:38 +0000] "PATCH /api/users/60927d117f9b2515840936fb HTTP/1.1" 200 16 "http://localhost:3000/api/users/60926e5fca60a344940f08c6" "Mozilla/5.0 (Windows NT 10.0; Win64; x64) AppleWebKit/537.36 (KHTML, like Gecko) Chrome/90.0.4430.93 Safari/537.36"
::1 - - [05/May/2021:11:58:49 +0000] "GET /api/users/60927d117f9b2515840936fb HTTP/1.1" 200 141 "-" "Mozilla/5.0 (Windows NT 10.0; Win64; x64) AppleWebKit/537.36 (KHTML, like Gecko) Chrome/90.0.4430.93 Safari/537.36"
